<?xml version="1.0" encoding="UTF-8"?>
<!-- Generated by org.testng.reporters.JUnitXMLReporter -->
<testsuite ignored="0" hostname="DESKTOP-R8BJFG3" failures="0" tests="14" name="Test" time="1.177" errors="0" timestamp="04 Jan 2022 10:19:40 GMT">
  <testcase classname="testng.onetest" name="sample5" time="0.009"/>
  <testcase classname="testng.parallel" name="a" time="0.013"/>
  <testcase classname="testng.parallel" name="b" time="0.003"/>
  <testcase classname="testng.parallel" name="c" time="0.004"/>
  <testcase classname="testng.onetest" name="sample" time="0.805"/>
  <testcase classname="testng.onetest" name="sample" time="0.006"/>
  <testcase classname="testng.onetest" name="sample" time="0.012"/>
  <testcase classname="testng.onetest" name="sample" time="0.012"/>
  <testcase classname="testng.onetest" name="sample" time="0.006"/>
  <testcase classname="testng.onetest" name="sample" time="0.005"/>
  <testcase classname="testng.onetest" name="sample" time="0.004"/>
  <testcase classname="testng.onetest" name="sample" time="0.005"/>
  <testcase classname="testng.onetest" name="sample" time="0.002"/>
  <testcase classname="testng.onetest" name="sample" time="0.013"/>
</testsuite> <!-- Test -->
