<?xml version="1.0" encoding="UTF-8"?>
<!-- Generated by org.testng.reporters.JUnitXMLReporter -->
<testsuite ignored="0" hostname="DESKTOP-R8BJFG3" failures="1" tests="1" name="edge(failed)" time="95.273" errors="0" timestamp="04 Jan 2022 10:29:45 GMT">
  <testcase classname="testng.crossbrows" name="sample" time="95.212">
    <failure type="org.openqa.selenium.WebDriverException" message="unknown error: DevToolsActivePort file doesn&amp;apos;t exist
Build info: version: &amp;apos;4.0.0-alpha-1&amp;apos;, revision: &amp;apos;d1d3728cae&amp;apos;, time: &amp;apos;2019-04-24T13:42:21&amp;apos;
System info: host: &amp;apos;DESKTOP-R8BJFG3&amp;apos;, ip: &amp;apos;192.168.42.170&amp;apos;, os.name: &amp;apos;Windows 10&amp;apos;, os.arch: &amp;apos;amd64&amp;apos;, os.version: &amp;apos;10.0&amp;apos;, java.version: &amp;apos;16.0.2&amp;apos;
Driver info: driver.version: EdgeDriver
remote stacktrace: Backtrace:
	Microsoft::Applications::Events::ILogConfiguration::ILogConfiguration [0x00007FF65813CCE2+56946]
	Microsoft::Applications::Events::EventProperty::to_string [0x00007FF657D6A597+949863]
	Microsoft::Applications::Events::EventProperty::to_string [0x00007FF657D9108D+1108317]
	Microsoft::Applications::Events::EventProperty::to_string [0x00007FF657D8A3D0+1080480]
	Microsoft::Applications::Events::EventProperty::to_string [0x00007FF657DC6378+1326152]
	Microsoft::Applications::Events::EventProperty::to_string [0x00007FF657DC13BF+1305743]
	Microsoft::Applications::Events::EventProperty::to_string [0x00007FF657D96AA9+1131385]
	Microsoft::Applications::Events::EventProperty::to_string [0x00007FF657D97B8F+1135711]
	Microsoft::Applications::Events::EventProperty::to_string [0x00007FF657E2C485+1744213]
	Microsoft::Applications::Events::EventProperty::to_string [0x00007FF657E2A911+1737185]
	Microsoft::Applications::Events::EventProperty::EventProperty [0x00007FF65800B6B9+2521]
	Microsoft::Applications::Events::EventProperty::to_string [0x00007FF657E020AE+1571198]
	Microsoft::Applications::Events::ILogConfiguration::ILogConfiguration [0x00007FF6581358EC+27260]
	Microsoft::Applications::Events::ILogConfiguration::ILogConfiguration [0x00007FF658135264+25588]
	Microsoft::Applications::Events::ILogConfiguration::ILogConfiguration [0x00007FF6581350B6+25158]
	Microsoft::Applications::Events::EventProperties::GetName [0x00007FF65809047C+211724]
	BaseThreadInitThunk [0x00007FF80D687974+20]
	RtlUserThreadStart [0x00007FF80FB3A271+33]
">
      <![CDATA[org.openqa.selenium.WebDriverException: unknown error: DevToolsActivePort file doesn't exist
Build info: version: '4.0.0-alpha-1', revision: 'd1d3728cae', time: '2019-04-24T13:42:21'
System info: host: 'DESKTOP-R8BJFG3', ip: '192.168.42.170', os.name: 'Windows 10', os.arch: 'amd64', os.version: '10.0', java.version: '16.0.2'
Driver info: driver.version: EdgeDriver
remote stacktrace: Backtrace:
Microsoft::Applications::Events::ILogConfiguration::ILogConfiguration [0x00007FF65813CCE2+56946]
Microsoft::Applications::Events::EventProperty::to_string [0x00007FF657D6A597+949863]
Microsoft::Applications::Events::EventProperty::to_string [0x00007FF657D9108D+1108317]
Microsoft::Applications::Events::EventProperty::to_string [0x00007FF657D8A3D0+1080480]
Microsoft::Applications::Events::EventProperty::to_string [0x00007FF657DC6378+1326152]
Microsoft::Applications::Events::EventProperty::to_string [0x00007FF657DC13BF+1305743]
Microsoft::Applications::Events::EventProperty::to_string [0x00007FF657D96AA9+1131385]
Microsoft::Applications::Events::EventProperty::to_string [0x00007FF657D97B8F+1135711]
Microsoft::Applications::Events::EventProperty::to_string [0x00007FF657E2C485+1744213]
Microsoft::Applications::Events::EventProperty::to_string [0x00007FF657E2A911+1737185]
Microsoft::Applications::Events::EventProperty::EventProperty [0x00007FF65800B6B9+2521]
Microsoft::Applications::Events::EventProperty::to_string [0x00007FF657E020AE+1571198]
Microsoft::Applications::Events::ILogConfiguration::ILogConfiguration [0x00007FF6581358EC+27260]
Microsoft::Applications::Events::ILogConfiguration::ILogConfiguration [0x00007FF658135264+25588]
Microsoft::Applications::Events::ILogConfiguration::ILogConfiguration [0x00007FF6581350B6+25158]
Microsoft::Applications::Events::EventProperties::GetName [0x00007FF65809047C+211724]
BaseThreadInitThunk [0x00007FF80D687974+20]
RtlUserThreadStart [0x00007FF80FB3A271+33]

at org.openqa.selenium.remote.W3CHandshakeResponse.lambda$errorHandler$0(W3CHandshakeResponse.java:62)
at org.openqa.selenium.remote.HandshakeResponse.lambda$getResponseFunction$0(HandshakeResponse.java:30)
at org.openqa.selenium.remote.ProtocolHandshake.lambda$createSession$0(ProtocolHandshake.java:126)
at java.base/java.util.stream.ReferencePipeline$3$1.accept(ReferencePipeline.java:197)
at java.base/java.util.Spliterators$ArraySpliterator.tryAdvance(Spliterators.java:958)
at java.base/java.util.stream.ReferencePipeline.forEachWithCancel(ReferencePipeline.java:129)
at java.base/java.util.stream.AbstractPipeline.copyIntoWithCancel(AbstractPipeline.java:502)
at java.base/java.util.stream.AbstractPipeline.copyInto(AbstractPipeline.java:488)
at java.base/java.util.stream.AbstractPipeline.wrapAndCopyInto(AbstractPipeline.java:474)
at java.base/java.util.stream.FindOps$FindOp.evaluateSequential(FindOps.java:150)
at java.base/java.util.stream.AbstractPipeline.evaluate(AbstractPipeline.java:234)
at java.base/java.util.stream.ReferencePipeline.findFirst(ReferencePipeline.java:647)
at org.openqa.selenium.remote.ProtocolHandshake.createSession(ProtocolHandshake.java:128)
at org.openqa.selenium.remote.ProtocolHandshake.createSession(ProtocolHandshake.java:74)
at org.openqa.selenium.remote.HttpCommandExecutor.execute(HttpCommandExecutor.java:139)
at org.openqa.selenium.remote.service.DriverCommandExecutor.execute(DriverCommandExecutor.java:83)
at org.openqa.selenium.remote.RemoteWebDriver.execute(RemoteWebDriver.java:577)
at org.openqa.selenium.remote.RemoteWebDriver.startSession(RemoteWebDriver.java:211)
at org.openqa.selenium.remote.RemoteWebDriver.<init>(RemoteWebDriver.java:131)
at org.openqa.selenium.edge.EdgeDriver.<init>(EdgeDriver.java:141)
at org.openqa.selenium.edge.EdgeDriver.<init>(EdgeDriver.java:96)
at testng.crossbrows.sample(crossbrows.java:36)
at java.base/java.util.concurrent.FutureTask.run(FutureTask.java:264)
at java.base/java.util.concurrent.ThreadPoolExecutor.runWorker(ThreadPoolExecutor.java:1130)
at java.base/java.util.concurrent.ThreadPoolExecutor$Worker.run(ThreadPoolExecutor.java:630)
at java.base/java.lang.Thread.run(Thread.java:831)
... Removed 21 stack frames]]>
    </failure>
  </testcase> <!-- sample -->
</testsuite> <!-- edge(failed) -->
